<?xml version="1.0" encoding="UTF-8"?>
<!-- Generated by org.testng.reporters.JUnitReportReporter -->
<testsuite hostname="user" failures="1" tests="1" name="com.inetBanking.testCases.TC_LoginTest_001" time="27.296" errors="0" timestamp="2020-07-17T15:08:33 BST" skipped="0">
  <testcase classname="com.inetBanking.testCases.TC_LoginTest_001" name="LoginTest" time="27.296">
    <failure message="expected [true] but found [false]" type="java.lang.AssertionError">
      <![CDATA[java.lang.AssertionError: expected [true] but found [false]
at com.inetBanking.testCases.TC_LoginTest_001.LoginTest(TC_LoginTest_001.java:35)
]]>
    </failure>
  </testcase> <!-- LoginTest -->
  <system-out/>
</testsuite> <!-- com.inetBanking.testCases.TC_LoginTest_001 -->
